2024-08-21 19:12:10,819 [Worker-6: Loading available Gradle versions] INFO  o.e.b.c.i.u.g.PublishedGradleVersions - Gradle version information cache is up-to-date. Trying to read.
2024-08-21 19:20:02,253 [Worker-0: Loading available Gradle versions] INFO  o.e.b.c.i.u.g.PublishedGradleVersions - Gradle version information cache is up-to-date. Trying to read.
2024-08-21 19:20:49,243 [ModalContext] INFO  o.e.m.c.i.e.AbstractTransferListenerAdapter - Downloading https://repo.maven.apache.org/maven2/org/apache/maven/archetypes/maven-archetype-quickstart/1.1/maven-archetype-quickstart-1.1.pom
2024-08-21 19:20:49,249 [ModalContext] INFO  o.e.m.c.i.e.AbstractTransferListenerAdapter - Downloaded https://repo.maven.apache.org/maven2/org/apache/maven/archetypes/maven-archetype-quickstart/1.1/maven-archetype-quickstart-1.1.pom
2024-08-21 19:20:49,269 [ModalContext] INFO  o.e.m.c.i.e.AbstractTransferListenerAdapter - Downloading https://repo.maven.apache.org/maven2/org/apache/maven/archetypes/maven-archetype-bundles/4/maven-archetype-bundles-4.pom
2024-08-21 19:20:49,270 [ModalContext] INFO  o.e.m.c.i.e.AbstractTransferListenerAdapter - Downloaded https://repo.maven.apache.org/maven2/org/apache/maven/archetypes/maven-archetype-bundles/4/maven-archetype-bundles-4.pom
2024-08-21 19:20:49,278 [ModalContext] INFO  o.e.m.c.i.e.AbstractTransferListenerAdapter - Downloading https://repo.maven.apache.org/maven2/org/apache/maven/archetype/maven-archetype/2.0-alpha-5/maven-archetype-2.0-alpha-5.pom
2024-08-21 19:20:49,280 [ModalContext] INFO  o.e.m.c.i.e.AbstractTransferListenerAdapter - Downloaded https://repo.maven.apache.org/maven2/org/apache/maven/archetype/maven-archetype/2.0-alpha-5/maven-archetype-2.0-alpha-5.pom
2024-08-21 19:20:49,310 [ModalContext] INFO  o.e.m.c.i.e.AbstractTransferListenerAdapter - Downloading https://repo.maven.apache.org/maven2/org/apache/maven/archetypes/maven-archetype-quickstart/1.1/maven-archetype-quickstart-1.1.jar
2024-08-21 19:20:49,312 [ModalContext] INFO  o.e.m.c.i.e.AbstractTransferListenerAdapter - Downloaded https://repo.maven.apache.org/maven2/org/apache/maven/archetypes/maven-archetype-quickstart/1.1/maven-archetype-quickstart-1.1.jar
2024-08-21 19:21:21,169 [Worker-1: Launching mavenrun-b1d9b3e2-1810-4df1-827f-50ce79a135d7] INFO  o.eclipse.m2e.core.internal.Bundles - getClasspathEntries(Bundle=org.eclipse.m2e.maven.runtime_3.9.700.20240602-2313 [354])
2024-08-21 19:21:21,171 [Worker-1: Launching mavenrun-b1d9b3e2-1810-4df1-827f-50ce79a135d7] INFO  o.eclipse.m2e.core.internal.Bundles - 	Entry: /home/luan/spring-tool/sts-4.24.0.RELEASE/plugins/org.eclipse.m2e.maven.runtime_3.9.700.20240602-2313
2024-08-21 19:21:21,171 [Worker-1: Launching mavenrun-b1d9b3e2-1810-4df1-827f-50ce79a135d7] INFO  o.eclipse.m2e.core.internal.Bundles - 	Entry: /home/luan/spring-tool/sts-4.24.0.RELEASE/plugins/org.eclipse.m2e.maven.runtime_3.9.700.20240602-2313/jars/aopalliance-1.0.jar
2024-08-21 19:21:21,171 [Worker-1: Launching mavenrun-b1d9b3e2-1810-4df1-827f-50ce79a135d7] INFO  o.eclipse.m2e.core.internal.Bundles - 	Entry: /home/luan/spring-tool/sts-4.24.0.RELEASE/plugins/org.eclipse.m2e.maven.runtime_3.9.700.20240602-2313/jars/guice-5.1.0.jar
2024-08-21 19:21:21,171 [Worker-1: Launching mavenrun-b1d9b3e2-1810-4df1-827f-50ce79a135d7] INFO  o.eclipse.m2e.core.internal.Bundles - 	Entry: /home/luan/spring-tool/sts-4.24.0.RELEASE/plugins/org.eclipse.m2e.maven.runtime_3.9.700.20240602-2313/jars/httpclient-4.5.14.jar
2024-08-21 19:21:21,172 [Worker-1: Launching mavenrun-b1d9b3e2-1810-4df1-827f-50ce79a135d7] INFO  o.eclipse.m2e.core.internal.Bundles - 	Entry: /home/luan/spring-tool/sts-4.24.0.RELEASE/plugins/org.eclipse.m2e.maven.runtime_3.9.700.20240602-2313/jars/httpcore-4.4.16.jar
2024-08-21 19:21:21,172 [Worker-1: Launching mavenrun-b1d9b3e2-1810-4df1-827f-50ce79a135d7] INFO  o.eclipse.m2e.core.internal.Bundles - 	Entry: /home/luan/spring-tool/sts-4.24.0.RELEASE/plugins/org.eclipse.m2e.maven.runtime_3.9.700.20240602-2313/jars/jansi-2.4.1.jar
2024-08-21 19:21:21,172 [Worker-1: Launching mavenrun-b1d9b3e2-1810-4df1-827f-50ce79a135d7] INFO  o.eclipse.m2e.core.internal.Bundles - 	Entry: /home/luan/spring-tool/sts-4.24.0.RELEASE/plugins/org.eclipse.m2e.maven.runtime_3.9.700.20240602-2313/jars/jcl-over-slf4j-1.7.36.jar
2024-08-21 19:21:21,172 [Worker-1: Launching mavenrun-b1d9b3e2-1810-4df1-827f-50ce79a135d7] INFO  o.eclipse.m2e.core.internal.Bundles - 	Entry: /home/luan/spring-tool/sts-4.24.0.RELEASE/plugins/org.eclipse.m2e.maven.runtime_3.9.700.20240602-2313/jars/maven-artifact-3.9.7.jar
2024-08-21 19:21:21,172 [Worker-1: Launching mavenrun-b1d9b3e2-1810-4df1-827f-50ce79a135d7] INFO  o.eclipse.m2e.core.internal.Bundles - 	Entry: /home/luan/spring-tool/sts-4.24.0.RELEASE/plugins/org.eclipse.m2e.maven.runtime_3.9.700.20240602-2313/jars/maven-builder-support-3.9.7.jar
2024-08-21 19:21:21,172 [Worker-1: Launching mavenrun-b1d9b3e2-1810-4df1-827f-50ce79a135d7] INFO  o.eclipse.m2e.core.internal.Bundles - 	Entry: /home/luan/spring-tool/sts-4.24.0.RELEASE/plugins/org.eclipse.m2e.maven.runtime_3.9.700.20240602-2313/jars/maven-compat-3.9.7.jar
2024-08-21 19:21:21,172 [Worker-1: Launching mavenrun-b1d9b3e2-1810-4df1-827f-50ce79a135d7] INFO  o.eclipse.m2e.core.internal.Bundles - 	Entry: /home/luan/spring-tool/sts-4.24.0.RELEASE/plugins/org.eclipse.m2e.maven.runtime_3.9.700.20240602-2313/jars/maven-core-3.9.7.jar
2024-08-21 19:21:21,173 [Worker-1: Launching mavenrun-b1d9b3e2-1810-4df1-827f-50ce79a135d7] INFO  o.eclipse.m2e.core.internal.Bundles - 	Entry: /home/luan/spring-tool/sts-4.24.0.RELEASE/plugins/org.eclipse.m2e.maven.runtime_3.9.700.20240602-2313/jars/maven-embedder-3.9.7.jar
2024-08-21 19:21:21,173 [Worker-1: Launching mavenrun-b1d9b3e2-1810-4df1-827f-50ce79a135d7] INFO  o.eclipse.m2e.core.internal.Bundles - 	Entry: /home/luan/spring-tool/sts-4.24.0.RELEASE/plugins/org.eclipse.m2e.maven.runtime_3.9.700.20240602-2313/jars/maven-model-3.9.7.jar
2024-08-21 19:21:21,173 [Worker-1: Launching mavenrun-b1d9b3e2-1810-4df1-827f-50ce79a135d7] INFO  o.eclipse.m2e.core.internal.Bundles - 	Entry: /home/luan/spring-tool/sts-4.24.0.RELEASE/plugins/org.eclipse.m2e.maven.runtime_3.9.700.20240602-2313/jars/maven-model-builder-3.9.7.jar
2024-08-21 19:21:21,173 [Worker-1: Launching mavenrun-b1d9b3e2-1810-4df1-827f-50ce79a135d7] INFO  o.eclipse.m2e.core.internal.Bundles - 	Entry: /home/luan/spring-tool/sts-4.24.0.RELEASE/plugins/org.eclipse.m2e.maven.runtime_3.9.700.20240602-2313/jars/maven-plugin-api-3.9.7.jar
2024-08-21 19:21:21,173 [Worker-1: Launching mavenrun-b1d9b3e2-1810-4df1-827f-50ce79a135d7] INFO  o.eclipse.m2e.core.internal.Bundles - 	Entry: /home/luan/spring-tool/sts-4.24.0.RELEASE/plugins/org.eclipse.m2e.maven.runtime_3.9.700.20240602-2313/jars/maven-repository-metadata-3.9.7.jar
2024-08-21 19:21:21,173 [Worker-1: Launching mavenrun-b1d9b3e2-1810-4df1-827f-50ce79a135d7] INFO  o.eclipse.m2e.core.internal.Bundles - 	Entry: /home/luan/spring-tool/sts-4.24.0.RELEASE/plugins/org.eclipse.m2e.maven.runtime_3.9.700.20240602-2313/jars/maven-resolver-api-1.9.20.jar
2024-08-21 19:21:21,174 [Worker-1: Launching mavenrun-b1d9b3e2-1810-4df1-827f-50ce79a135d7] INFO  o.eclipse.m2e.core.internal.Bundles - 	Entry: /home/luan/spring-tool/sts-4.24.0.RELEASE/plugins/org.eclipse.m2e.maven.runtime_3.9.700.20240602-2313/jars/maven-resolver-connector-basic-1.9.20.jar
2024-08-21 19:21:21,174 [Worker-1: Launching mavenrun-b1d9b3e2-1810-4df1-827f-50ce79a135d7] INFO  o.eclipse.m2e.core.internal.Bundles - 	Entry: /home/luan/spring-tool/sts-4.24.0.RELEASE/plugins/org.eclipse.m2e.maven.runtime_3.9.700.20240602-2313/jars/maven-resolver-impl-1.9.20.jar
2024-08-21 19:21:21,174 [Worker-1: Launching mavenrun-b1d9b3e2-1810-4df1-827f-50ce79a135d7] INFO  o.eclipse.m2e.core.internal.Bundles - 	Entry: /home/luan/spring-tool/sts-4.24.0.RELEASE/plugins/org.eclipse.m2e.maven.runtime_3.9.700.20240602-2313/jars/maven-resolver-named-locks-1.9.20.jar
2024-08-21 19:21:21,174 [Worker-1: Launching mavenrun-b1d9b3e2-1810-4df1-827f-50ce79a135d7] INFO  o.eclipse.m2e.core.internal.Bundles - 	Entry: /home/luan/spring-tool/sts-4.24.0.RELEASE/plugins/org.eclipse.m2e.maven.runtime_3.9.700.20240602-2313/jars/maven-resolver-provider-3.9.7.jar
2024-08-21 19:21:21,174 [Worker-1: Launching mavenrun-b1d9b3e2-1810-4df1-827f-50ce79a135d7] INFO  o.eclipse.m2e.core.internal.Bundles - 	Entry: /home/luan/spring-tool/sts-4.24.0.RELEASE/plugins/org.eclipse.m2e.maven.runtime_3.9.700.20240602-2313/jars/maven-resolver-spi-1.9.20.jar
2024-08-21 19:21:21,174 [Worker-1: Launching mavenrun-b1d9b3e2-1810-4df1-827f-50ce79a135d7] INFO  o.eclipse.m2e.core.internal.Bundles - 	Entry: /home/luan/spring-tool/sts-4.24.0.RELEASE/plugins/org.eclipse.m2e.maven.runtime_3.9.700.20240602-2313/jars/maven-resolver-transport-file-1.9.20.jar
2024-08-21 19:21:21,174 [Worker-1: Launching mavenrun-b1d9b3e2-1810-4df1-827f-50ce79a135d7] INFO  o.eclipse.m2e.core.internal.Bundles - 	Entry: /home/luan/spring-tool/sts-4.24.0.RELEASE/plugins/org.eclipse.m2e.maven.runtime_3.9.700.20240602-2313/jars/maven-resolver-transport-http-1.9.20.jar
2024-08-21 19:21:21,175 [Worker-1: Launching mavenrun-b1d9b3e2-1810-4df1-827f-50ce79a135d7] INFO  o.eclipse.m2e.core.internal.Bundles - 	Entry: /home/luan/spring-tool/sts-4.24.0.RELEASE/plugins/org.eclipse.m2e.maven.runtime_3.9.700.20240602-2313/jars/maven-resolver-transport-wagon-1.9.20.jar
2024-08-21 19:21:21,175 [Worker-1: Launching mavenrun-b1d9b3e2-1810-4df1-827f-50ce79a135d7] INFO  o.eclipse.m2e.core.internal.Bundles - 	Entry: /home/luan/spring-tool/sts-4.24.0.RELEASE/plugins/org.eclipse.m2e.maven.runtime_3.9.700.20240602-2313/jars/maven-resolver-util-1.9.20.jar
2024-08-21 19:21:21,175 [Worker-1: Launching mavenrun-b1d9b3e2-1810-4df1-827f-50ce79a135d7] INFO  o.eclipse.m2e.core.internal.Bundles - 	Entry: /home/luan/spring-tool/sts-4.24.0.RELEASE/plugins/org.eclipse.m2e.maven.runtime_3.9.700.20240602-2313/jars/maven-settings-3.9.7.jar
2024-08-21 19:21:21,175 [Worker-1: Launching mavenrun-b1d9b3e2-1810-4df1-827f-50ce79a135d7] INFO  o.eclipse.m2e.core.internal.Bundles - 	Entry: /home/luan/spring-tool/sts-4.24.0.RELEASE/plugins/org.eclipse.m2e.maven.runtime_3.9.700.20240602-2313/jars/maven-settings-builder-3.9.7.jar
2024-08-21 19:21:21,175 [Worker-1: Launching mavenrun-b1d9b3e2-1810-4df1-827f-50ce79a135d7] INFO  o.eclipse.m2e.core.internal.Bundles - 	Entry: /home/luan/spring-tool/sts-4.24.0.RELEASE/plugins/org.eclipse.m2e.maven.runtime_3.9.700.20240602-2313/jars/maven-shared-utils-3.4.2.jar
2024-08-21 19:21:21,175 [Worker-1: Launching mavenrun-b1d9b3e2-1810-4df1-827f-50ce79a135d7] INFO  o.eclipse.m2e.core.internal.Bundles - 	Entry: /home/luan/spring-tool/sts-4.24.0.RELEASE/plugins/org.eclipse.m2e.maven.runtime_3.9.700.20240602-2313/jars/org.eclipse.sisu.inject-0.9.0.M2.jar
2024-08-21 19:21:21,176 [Worker-1: Launching mavenrun-b1d9b3e2-1810-4df1-827f-50ce79a135d7] INFO  o.eclipse.m2e.core.internal.Bundles - 	Entry: /home/luan/spring-tool/sts-4.24.0.RELEASE/plugins/org.eclipse.m2e.maven.runtime_3.9.700.20240602-2313/jars/org.eclipse.sisu.plexus-0.9.0.M2.jar
2024-08-21 19:21:21,176 [Worker-1: Launching mavenrun-b1d9b3e2-1810-4df1-827f-50ce79a135d7] INFO  o.eclipse.m2e.core.internal.Bundles - 	Entry: /home/luan/spring-tool/sts-4.24.0.RELEASE/plugins/org.eclipse.m2e.maven.runtime_3.9.700.20240602-2313/jars/plexus-build-api-0.0.7.jar
2024-08-21 19:21:21,176 [Worker-1: Launching mavenrun-b1d9b3e2-1810-4df1-827f-50ce79a135d7] INFO  o.eclipse.m2e.core.internal.Bundles - 	Entry: /home/luan/spring-tool/sts-4.24.0.RELEASE/plugins/org.eclipse.m2e.maven.runtime_3.9.700.20240602-2313/jars/plexus-build-api-1.2.0.jar
2024-08-21 19:21:21,176 [Worker-1: Launching mavenrun-b1d9b3e2-1810-4df1-827f-50ce79a135d7] INFO  o.eclipse.m2e.core.internal.Bundles - 	Entry: /home/luan/spring-tool/sts-4.24.0.RELEASE/plugins/org.eclipse.m2e.maven.runtime_3.9.700.20240602-2313/jars/plexus-cipher-2.0.jar
2024-08-21 19:21:21,176 [Worker-1: Launching mavenrun-b1d9b3e2-1810-4df1-827f-50ce79a135d7] INFO  o.eclipse.m2e.core.internal.Bundles - 	Entry: /home/luan/spring-tool/sts-4.24.0.RELEASE/plugins/org.eclipse.m2e.maven.runtime_3.9.700.20240602-2313/jars/plexus-classworlds-2.8.0.jar
2024-08-21 19:21:21,176 [Worker-1: Launching mavenrun-b1d9b3e2-1810-4df1-827f-50ce79a135d7] INFO  o.eclipse.m2e.core.internal.Bundles - 	Entry: /home/luan/spring-tool/sts-4.24.0.RELEASE/plugins/org.eclipse.m2e.maven.runtime_3.9.700.20240602-2313/jars/plexus-component-annotations-2.1.0.jar
2024-08-21 19:21:21,176 [Worker-1: Launching mavenrun-b1d9b3e2-1810-4df1-827f-50ce79a135d7] INFO  o.eclipse.m2e.core.internal.Bundles - 	Entry: /home/luan/spring-tool/sts-4.24.0.RELEASE/plugins/org.eclipse.m2e.maven.runtime_3.9.700.20240602-2313/jars/plexus-interpolation-1.27.jar
2024-08-21 19:21:21,176 [Worker-1: Launching mavenrun-b1d9b3e2-1810-4df1-827f-50ce79a135d7] INFO  o.eclipse.m2e.core.internal.Bundles - 	Entry: /home/luan/spring-tool/sts-4.24.0.RELEASE/plugins/org.eclipse.m2e.maven.runtime_3.9.700.20240602-2313/jars/plexus-sec-dispatcher-2.0.jar
2024-08-21 19:21:21,177 [Worker-1: Launching mavenrun-b1d9b3e2-1810-4df1-827f-50ce79a135d7] INFO  o.eclipse.m2e.core.internal.Bundles - 	Entry: /home/luan/spring-tool/sts-4.24.0.RELEASE/plugins/org.eclipse.m2e.maven.runtime_3.9.700.20240602-2313/jars/plexus-utils-3.5.1.jar
2024-08-21 19:21:21,177 [Worker-1: Launching mavenrun-b1d9b3e2-1810-4df1-827f-50ce79a135d7] INFO  o.eclipse.m2e.core.internal.Bundles - 	Entry: /home/luan/spring-tool/sts-4.24.0.RELEASE/plugins/org.eclipse.m2e.maven.runtime_3.9.700.20240602-2313/jars/wagon-file-3.5.3.jar
2024-08-21 19:21:21,177 [Worker-1: Launching mavenrun-b1d9b3e2-1810-4df1-827f-50ce79a135d7] INFO  o.eclipse.m2e.core.internal.Bundles - 	Entry: /home/luan/spring-tool/sts-4.24.0.RELEASE/plugins/org.eclipse.m2e.maven.runtime_3.9.700.20240602-2313/jars/wagon-http-3.5.3.jar
2024-08-21 19:21:21,177 [Worker-1: Launching mavenrun-b1d9b3e2-1810-4df1-827f-50ce79a135d7] INFO  o.eclipse.m2e.core.internal.Bundles - 	Entry: /home/luan/spring-tool/sts-4.24.0.RELEASE/plugins/org.eclipse.m2e.maven.runtime_3.9.700.20240602-2313/jars/wagon-http-shared-3.5.3.jar
2024-08-21 19:21:21,177 [Worker-1: Launching mavenrun-b1d9b3e2-1810-4df1-827f-50ce79a135d7] INFO  o.eclipse.m2e.core.internal.Bundles - 	Entry: /home/luan/spring-tool/sts-4.24.0.RELEASE/plugins/org.eclipse.m2e.maven.runtime_3.9.700.20240602-2313/jars/wagon-provider-api-3.5.3.jar
2024-08-21 19:21:21,178 [Worker-1: Launching mavenrun-b1d9b3e2-1810-4df1-827f-50ce79a135d7] INFO  o.eclipse.m2e.core.internal.Bundles - getClasspathEntries(Bundle=com.google.guava_33.2.0.jre [29])
2024-08-21 19:21:21,178 [Worker-1: Launching mavenrun-b1d9b3e2-1810-4df1-827f-50ce79a135d7] INFO  o.eclipse.m2e.core.internal.Bundles - 	Entry: /home/luan/spring-tool/sts-4.24.0.RELEASE/plugins/com.google.guava_33.2.0.jre.jar
2024-08-21 19:21:21,178 [Worker-1: Launching mavenrun-b1d9b3e2-1810-4df1-827f-50ce79a135d7] INFO  o.eclipse.m2e.core.internal.Bundles - getClasspathEntries(Bundle=slf4j.api_2.0.13 [586])
2024-08-21 19:21:21,178 [Worker-1: Launching mavenrun-b1d9b3e2-1810-4df1-827f-50ce79a135d7] INFO  o.eclipse.m2e.core.internal.Bundles - 	Entry: /home/luan/spring-tool/sts-4.24.0.RELEASE/plugins/slf4j.api_2.0.13.jar
2024-08-21 19:21:21,178 [Worker-1: Launching mavenrun-b1d9b3e2-1810-4df1-827f-50ce79a135d7] INFO  o.eclipse.m2e.core.internal.Bundles - getClasspathEntries(Bundle=jakarta.inject.jakarta.inject-api_1.0.5 [44])
2024-08-21 19:21:21,178 [Worker-1: Launching mavenrun-b1d9b3e2-1810-4df1-827f-50ce79a135d7] INFO  o.eclipse.m2e.core.internal.Bundles - 	Entry: /home/luan/spring-tool/sts-4.24.0.RELEASE/plugins/jakarta.inject.jakarta.inject-api_1.0.5.jar
2024-08-21 19:21:21,178 [Worker-1: Launching mavenrun-b1d9b3e2-1810-4df1-827f-50ce79a135d7] INFO  o.eclipse.m2e.core.internal.Bundles - getClasspathEntries(Bundle=javax.annotation_1.3.5.v20200909-1856 [53])
2024-08-21 19:21:21,178 [Worker-1: Launching mavenrun-b1d9b3e2-1810-4df1-827f-50ce79a135d7] INFO  o.eclipse.m2e.core.internal.Bundles - 	Entry: /home/luan/spring-tool/sts-4.24.0.RELEASE/plugins/javax.annotation_1.3.5.v20200909-1856.jar
2024-08-21 19:21:21,178 [Worker-1: Launching mavenrun-b1d9b3e2-1810-4df1-827f-50ce79a135d7] INFO  o.eclipse.m2e.core.internal.Bundles - getClasspathEntries(Bundle=org.apache.commons.cli_1.8.0 [76])
2024-08-21 19:21:21,178 [Worker-1: Launching mavenrun-b1d9b3e2-1810-4df1-827f-50ce79a135d7] INFO  o.eclipse.m2e.core.internal.Bundles - 	Entry: /home/luan/spring-tool/sts-4.24.0.RELEASE/plugins/org.apache.commons.cli_1.8.0.jar
2024-08-21 19:21:21,178 [Worker-1: Launching mavenrun-b1d9b3e2-1810-4df1-827f-50ce79a135d7] INFO  o.eclipse.m2e.core.internal.Bundles - getClasspathEntries(Bundle=org.apache.commons.commons-codec_1.16.0 [78])
2024-08-21 19:21:21,179 [Worker-1: Launching mavenrun-b1d9b3e2-1810-4df1-827f-50ce79a135d7] INFO  o.eclipse.m2e.core.internal.Bundles - 	Entry: /home/luan/spring-tool/sts-4.24.0.RELEASE/plugins/org.apache.commons.commons-codec_1.16.0.jar
2024-08-21 19:21:21,179 [Worker-1: Launching mavenrun-b1d9b3e2-1810-4df1-827f-50ce79a135d7] INFO  o.eclipse.m2e.core.internal.Bundles - getClasspathEntries(Bundle=org.apache.commons.lang3_3.14.0 [82])
2024-08-21 19:21:21,179 [Worker-1: Launching mavenrun-b1d9b3e2-1810-4df1-827f-50ce79a135d7] INFO  o.eclipse.m2e.core.internal.Bundles - 	Entry: /home/luan/spring-tool/sts-4.24.0.RELEASE/plugins/org.apache.commons.lang3_3.14.0.jar
2024-08-21 19:21:21,179 [Worker-1: Launching mavenrun-b1d9b3e2-1810-4df1-827f-50ce79a135d7] INFO  o.eclipse.m2e.core.internal.Bundles - getClasspathEntries(Bundle=com.google.guava.failureaccess_1.0.2 [30])
2024-08-21 19:21:21,179 [Worker-1: Launching mavenrun-b1d9b3e2-1810-4df1-827f-50ce79a135d7] INFO  o.eclipse.m2e.core.internal.Bundles - 	Entry: /home/luan/spring-tool/sts-4.24.0.RELEASE/plugins/com.google.guava.failureaccess_1.0.2.jar
2024-08-21 19:21:21,183 [Worker-1: Launching mavenrun-b1d9b3e2-1810-4df1-827f-50ce79a135d7] INFO  o.e.m.i.launch.MavenLaunchDelegate - Run build in "/tmp/m2e-archetypeGenerator1942190473239491123":
2024-08-21 19:21:21,186 [Worker-1: Launching mavenrun-b1d9b3e2-1810-4df1-827f-50ce79a135d7] INFO  o.e.m.i.launch.MavenLaunchDelegate -  mvn  -DarchetypeGroupId=org.apache.maven.archetypes -DarchetypeArtifactId=maven-archetype-quickstart -DarchetypeVersion=1.1 -DgroupId=com.cd2tec -DartifactId=sigabemAPI -Dversion=0.0.1-SNAPSHOT -Dpackage=com.cd2tec.sigabemAPI -DoutputDirectory=/home/luan/projects/sigabem -Dstyle.color=always -U archetype:generate
2024-08-21 19:21:54,041 [Worker-4: Creating maven-archetype-quickstart] INFO  o.e.m.c.i.p.ProjectConfigurationManager - Collecting project info '/pom.xml' /home/luan/projects/sigabem/sigabemAPI/pom.xml
2024-08-21 19:21:54,214 [Worker-4: Creating maven-archetype-quickstart] INFO  o.e.m.c.i.e.AbstractTransferListenerAdapter - Downloading https://repo.maven.apache.org/maven2/org/apache/maven/plugins/maven-jar-plugin/3.4.1/maven-jar-plugin-3.4.1.jar
2024-08-21 19:21:54,219 [Worker-4: Creating maven-archetype-quickstart] INFO  o.e.m.c.i.e.AbstractTransferListenerAdapter - Downloaded https://repo.maven.apache.org/maven2/org/apache/maven/plugins/maven-jar-plugin/3.4.1/maven-jar-plugin-3.4.1.jar
2024-08-21 19:21:54,400 [Worker-4: Creating maven-archetype-quickstart] INFO  o.e.m.c.i.l.LifecycleMappingFactory - Using org.eclipse.m2e.jdt.JarLifecycleMapping lifecycle mapping for MavenProject: com.cd2tec:sigabemAPI:0.0.1-SNAPSHOT @ /home/luan/projects/sigabem/sigabemAPI/pom.xml.
2024-08-21 19:21:54,408 [Worker-4: Creating maven-archetype-quickstart] INFO  o.e.m.c.i.e.AbstractTransferListenerAdapter - Downloading https://repo.maven.apache.org/maven2/junit/junit/3.8.1/junit-3.8.1.pom
2024-08-21 19:21:54,409 [Worker-4: Creating maven-archetype-quickstart] INFO  o.e.m.c.i.e.AbstractTransferListenerAdapter - Downloaded https://repo.maven.apache.org/maven2/junit/junit/3.8.1/junit-3.8.1.pom
2024-08-21 19:21:54,415 [Worker-4: Creating maven-archetype-quickstart] INFO  o.e.m.c.i.e.AbstractTransferListenerAdapter - Downloading https://repo.maven.apache.org/maven2/junit/junit/3.8.1/junit-3.8.1.jar
2024-08-21 19:21:54,419 [Worker-4: Creating maven-archetype-quickstart] INFO  o.e.m.c.i.e.AbstractTransferListenerAdapter - Downloaded https://repo.maven.apache.org/maven2/junit/junit/3.8.1/junit-3.8.1.jar
2024-08-21 19:21:54,491 [Worker-4: Creating maven-archetype-quickstart] INFO  o.e.m.c.i.e.AbstractTransferListenerAdapter - Downloading https://repo.maven.apache.org/maven2/org/apache/maven/plugins/maven-jar-plugin/3.4.1/maven-jar-plugin-3.4.1.pom
2024-08-21 19:21:54,492 [Worker-4: Creating maven-archetype-quickstart] INFO  o.e.m.c.i.e.AbstractTransferListenerAdapter - Downloaded https://repo.maven.apache.org/maven2/org/apache/maven/plugins/maven-jar-plugin/3.4.1/maven-jar-plugin-3.4.1.pom
2024-08-21 19:21:54,512 [Worker-4: Creating maven-archetype-quickstart] INFO  o.e.m.c.i.e.AbstractTransferListenerAdapter - Downloading https://repo.maven.apache.org/maven2/org/apache/maven/shared/file-management/3.1.0/file-management-3.1.0.pom
2024-08-21 19:21:54,512 [Worker-4: Creating maven-archetype-quickstart] INFO  o.e.m.c.i.e.AbstractTransferListenerAdapter - Downloaded https://repo.maven.apache.org/maven2/org/apache/maven/shared/file-management/3.1.0/file-management-3.1.0.pom
2024-08-21 19:21:54,518 [Worker-4: Creating maven-archetype-quickstart] INFO  o.e.m.c.i.e.AbstractTransferListenerAdapter - Downloading https://repo.maven.apache.org/maven2/org/apache/maven/shared/maven-shared-components/36/maven-shared-components-36.pom
2024-08-21 19:21:54,519 [Worker-4: Creating maven-archetype-quickstart] INFO  o.e.m.c.i.e.AbstractTransferListenerAdapter - Downloaded https://repo.maven.apache.org/maven2/org/apache/maven/shared/maven-shared-components/36/maven-shared-components-36.pom
2024-08-21 19:21:54,532 [Worker-4: Creating maven-archetype-quickstart] INFO  o.e.m.c.i.e.AbstractTransferListenerAdapter - Downloading https://repo.maven.apache.org/maven2/commons-io/commons-io/2.16.1/commons-io-2.16.1.pom
2024-08-21 19:21:54,533 [Worker-4: Creating maven-archetype-quickstart] INFO  o.e.m.c.i.e.AbstractTransferListenerAdapter - Downloaded https://repo.maven.apache.org/maven2/commons-io/commons-io/2.16.1/commons-io-2.16.1.pom
2024-08-21 19:21:54,540 [Worker-4: Creating maven-archetype-quickstart] INFO  o.e.m.c.i.e.AbstractTransferListenerAdapter - Downloading https://repo.maven.apache.org/maven2/org/apache/commons/commons-parent/69/commons-parent-69.pom
2024-08-21 19:21:54,542 [Worker-4: Creating maven-archetype-quickstart] INFO  o.e.m.c.i.e.AbstractTransferListenerAdapter - Downloaded https://repo.maven.apache.org/maven2/org/apache/commons/commons-parent/69/commons-parent-69.pom
2024-08-21 19:21:54,553 [Worker-4: Creating maven-archetype-quickstart] INFO  o.e.m.c.i.e.AbstractTransferListenerAdapter - Downloading https://repo.maven.apache.org/maven2/org/apache/maven/maven-archiver/3.6.2/maven-archiver-3.6.2.pom
2024-08-21 19:21:54,554 [Worker-4: Creating maven-archetype-quickstart] INFO  o.e.m.c.i.e.AbstractTransferListenerAdapter - Downloaded https://repo.maven.apache.org/maven2/org/apache/maven/maven-archiver/3.6.2/maven-archiver-3.6.2.pom
2024-08-21 19:21:54,560 [Worker-4: Creating maven-archetype-quickstart] INFO  o.e.m.c.i.e.AbstractTransferListenerAdapter - Downloading https://repo.maven.apache.org/maven2/org/apache/maven/shared/maven-shared-components/41/maven-shared-components-41.pom
2024-08-21 19:21:54,561 [Worker-4: Creating maven-archetype-quickstart] INFO  o.e.m.c.i.e.AbstractTransferListenerAdapter - Downloaded https://repo.maven.apache.org/maven2/org/apache/maven/shared/maven-shared-components/41/maven-shared-components-41.pom
2024-08-21 19:21:54,568 [Worker-4: Creating maven-archetype-quickstart] INFO  o.e.m.c.i.e.AbstractTransferListenerAdapter - Downloading https://repo.maven.apache.org/maven2/org/codehaus/plexus/plexus-archiver/4.9.2/plexus-archiver-4.9.2.pom
2024-08-21 19:21:54,569 [Worker-4: Creating maven-archetype-quickstart] INFO  o.e.m.c.i.e.AbstractTransferListenerAdapter - Downloaded https://repo.maven.apache.org/maven2/org/codehaus/plexus/plexus-archiver/4.9.2/plexus-archiver-4.9.2.pom
2024-08-21 19:21:54,576 [Worker-4: Creating maven-archetype-quickstart] INFO  o.e.m.c.i.e.AbstractTransferListenerAdapter - Downloading https://repo.maven.apache.org/maven2/org/codehaus/plexus/plexus-io/3.4.2/plexus-io-3.4.2.pom
2024-08-21 19:21:54,577 [Worker-4: Creating maven-archetype-quickstart] INFO  o.e.m.c.i.e.AbstractTransferListenerAdapter - Downloaded https://repo.maven.apache.org/maven2/org/codehaus/plexus/plexus-io/3.4.2/plexus-io-3.4.2.pom
2024-08-21 19:21:54,585 [Worker-4: Creating maven-archetype-quickstart] INFO  o.e.m.c.i.e.AbstractTransferListenerAdapter - Downloading https://repo.maven.apache.org/maven2/org/apache/commons/commons-compress/1.26.1/commons-compress-1.26.1.pom
2024-08-21 19:21:54,586 [Worker-4: Creating maven-archetype-quickstart] INFO  o.e.m.c.i.e.AbstractTransferListenerAdapter - Downloaded https://repo.maven.apache.org/maven2/org/apache/commons/commons-compress/1.26.1/commons-compress-1.26.1.pom
2024-08-21 19:21:54,592 [Worker-4: Creating maven-archetype-quickstart] INFO  o.e.m.c.i.e.AbstractTransferListenerAdapter - Downloading https://repo.maven.apache.org/maven2/org/apache/commons/commons-parent/66/commons-parent-66.pom
2024-08-21 19:21:54,594 [Worker-4: Creating maven-archetype-quickstart] INFO  o.e.m.c.i.e.AbstractTransferListenerAdapter - Downloaded https://repo.maven.apache.org/maven2/org/apache/commons/commons-parent/66/commons-parent-66.pom
2024-08-21 19:21:54,603 [Worker-4: Creating maven-archetype-quickstart] INFO  o.e.m.c.i.e.AbstractTransferListenerAdapter - Downloading https://repo.maven.apache.org/maven2/commons-codec/commons-codec/1.16.1/commons-codec-1.16.1.pom
2024-08-21 19:21:54,603 [Worker-4: Creating maven-archetype-quickstart] INFO  o.e.m.c.i.e.AbstractTransferListenerAdapter - Downloaded https://repo.maven.apache.org/maven2/commons-codec/commons-codec/1.16.1/commons-codec-1.16.1.pom
2024-08-21 19:21:54,619 [Worker-4: Creating maven-archetype-quickstart] INFO  o.e.m.c.i.e.AbstractTransferListenerAdapter - Downloading https://repo.maven.apache.org/maven2/com/github/luben/zstd-jni/1.5.5-11/zstd-jni-1.5.5-11.pom
2024-08-21 19:21:54,620 [Worker-4: Creating maven-archetype-quickstart] INFO  o.e.m.c.i.e.AbstractTransferListenerAdapter - Downloaded https://repo.maven.apache.org/maven2/com/github/luben/zstd-jni/1.5.5-11/zstd-jni-1.5.5-11.pom
2024-08-21 19:21:54,626 [Worker-4: Creating maven-archetype-quickstart] INFO  o.e.m.c.i.e.AbstractTransferListenerAdapter - Downloading https://repo.maven.apache.org/maven2/org/codehaus/plexus/plexus-interpolation/1.27/plexus-interpolation-1.27.pom
2024-08-21 19:21:54,627 [Worker-4: Creating maven-archetype-quickstart] INFO  o.e.m.c.i.e.AbstractTransferListenerAdapter - Downloaded https://repo.maven.apache.org/maven2/org/codehaus/plexus/plexus-interpolation/1.27/plexus-interpolation-1.27.pom
2024-08-21 19:21:54,639 [Worker-4: Creating maven-archetype-quickstart] INFO  o.e.m.c.i.e.AbstractTransferListenerAdapter - Downloading https://repo.maven.apache.org/maven2/org/apache/maven/shared/file-management/3.1.0/file-management-3.1.0.jar
2024-08-21 19:21:54,640 [Worker-4: Creating maven-archetype-quickstart] INFO  o.e.m.c.i.e.AbstractTransferListenerAdapter - Downloaded https://repo.maven.apache.org/maven2/org/apache/maven/shared/file-management/3.1.0/file-management-3.1.0.jar
2024-08-21 19:21:54,645 [BasicRepositoryConnector-repo.maven.apache.org-0-1] INFO  o.e.m.c.i.e.AbstractTransferListenerAdapter - Downloading https://repo.maven.apache.org/maven2/org/apache/maven/maven-archiver/3.6.2/maven-archiver-3.6.2.jar
2024-08-21 19:21:54,646 [BasicRepositoryConnector-repo.maven.apache.org-0-1] INFO  o.e.m.c.i.e.AbstractTransferListenerAdapter - Downloaded https://repo.maven.apache.org/maven2/org/apache/maven/maven-archiver/3.6.2/maven-archiver-3.6.2.jar
2024-08-21 19:21:54,651 [BasicRepositoryConnector-repo.maven.apache.org-0-1] INFO  o.e.m.c.i.e.AbstractTransferListenerAdapter - Downloading https://repo.maven.apache.org/maven2/org/apache/commons/commons-compress/1.26.1/commons-compress-1.26.1.jar
2024-08-21 19:21:54,655 [BasicRepositoryConnector-repo.maven.apache.org-0-0] INFO  o.e.m.c.i.e.AbstractTransferListenerAdapter - Downloading https://repo.maven.apache.org/maven2/commons-io/commons-io/2.16.1/commons-io-2.16.1.jar
2024-08-21 19:21:54,658 [BasicRepositoryConnector-repo.maven.apache.org-0-3] INFO  o.e.m.c.i.e.AbstractTransferListenerAdapter - Downloading https://repo.maven.apache.org/maven2/org/codehaus/plexus/plexus-archiver/4.9.2/plexus-archiver-4.9.2.jar
2024-08-21 19:21:54,659 [BasicRepositoryConnector-repo.maven.apache.org-0-2] INFO  o.e.m.c.i.e.AbstractTransferListenerAdapter - Downloading https://repo.maven.apache.org/maven2/org/codehaus/plexus/plexus-interpolation/1.27/plexus-interpolation-1.27.jar
2024-08-21 19:21:54,659 [BasicRepositoryConnector-repo.maven.apache.org-0-4] INFO  o.e.m.c.i.e.AbstractTransferListenerAdapter - Downloading https://repo.maven.apache.org/maven2/org/codehaus/plexus/plexus-io/3.4.2/plexus-io-3.4.2.jar
2024-08-21 19:21:54,665 [BasicRepositoryConnector-repo.maven.apache.org-0-4] INFO  o.e.m.c.i.e.AbstractTransferListenerAdapter - Downloaded https://repo.maven.apache.org/maven2/org/codehaus/plexus/plexus-io/3.4.2/plexus-io-3.4.2.jar
2024-08-21 19:21:54,667 [BasicRepositoryConnector-repo.maven.apache.org-0-2] INFO  o.e.m.c.i.e.AbstractTransferListenerAdapter - Downloaded https://repo.maven.apache.org/maven2/org/codehaus/plexus/plexus-interpolation/1.27/plexus-interpolation-1.27.jar
2024-08-21 19:21:54,668 [BasicRepositoryConnector-repo.maven.apache.org-0-3] INFO  o.e.m.c.i.e.AbstractTransferListenerAdapter - Downloaded https://repo.maven.apache.org/maven2/org/codehaus/plexus/plexus-archiver/4.9.2/plexus-archiver-4.9.2.jar
2024-08-21 19:21:54,668 [BasicRepositoryConnector-repo.maven.apache.org-0-1] INFO  o.e.m.c.i.e.AbstractTransferListenerAdapter - Downloaded https://repo.maven.apache.org/maven2/org/apache/commons/commons-compress/1.26.1/commons-compress-1.26.1.jar
2024-08-21 19:21:54,670 [BasicRepositoryConnector-repo.maven.apache.org-0-4] INFO  o.e.m.c.i.e.AbstractTransferListenerAdapter - Downloading https://repo.maven.apache.org/maven2/commons-codec/commons-codec/1.16.1/commons-codec-1.16.1.jar
2024-08-21 19:21:54,672 [BasicRepositoryConnector-repo.maven.apache.org-0-2] INFO  o.e.m.c.i.e.AbstractTransferListenerAdapter - Downloading https://repo.maven.apache.org/maven2/com/github/luben/zstd-jni/1.5.5-11/zstd-jni-1.5.5-11.jar
2024-08-21 19:21:54,680 [BasicRepositoryConnector-repo.maven.apache.org-0-0] INFO  o.e.m.c.i.e.AbstractTransferListenerAdapter - Downloaded https://repo.maven.apache.org/maven2/commons-io/commons-io/2.16.1/commons-io-2.16.1.jar
2024-08-21 19:21:54,681 [BasicRepositoryConnector-repo.maven.apache.org-0-4] INFO  o.e.m.c.i.e.AbstractTransferListenerAdapter - Downloaded https://repo.maven.apache.org/maven2/commons-codec/commons-codec/1.16.1/commons-codec-1.16.1.jar
2024-08-21 19:21:54,746 [BasicRepositoryConnector-repo.maven.apache.org-0-2] INFO  o.e.m.c.i.e.AbstractTransferListenerAdapter - Downloaded https://repo.maven.apache.org/maven2/com/github/luben/zstd-jni/1.5.5-11/zstd-jni-1.5.5-11.jar
2024-08-21 19:21:55,019 [Worker-4: Creating maven-archetype-quickstart] INFO  o.e.m.j.i.AbstractJavaProjectConfigurator - Adding source folder /sigabemAPI/src/main/java
2024-08-21 19:21:55,020 [Worker-4: Creating maven-archetype-quickstart] INFO  o.e.m.j.i.AbstractJavaProjectConfigurator - Adding resource folder /sigabemAPI/src/main/resources
2024-08-21 19:21:55,022 [Worker-4: Creating maven-archetype-quickstart] INFO  o.e.m.j.i.AbstractJavaProjectConfigurator - Adding source folder /sigabemAPI/src/test/java
2024-08-21 19:21:55,023 [Worker-4: Creating maven-archetype-quickstart] INFO  o.e.m.j.i.AbstractJavaProjectConfigurator - Adding resource folder /sigabemAPI/src/test/resources
2024-08-21 19:21:55,095 [Worker-4: Creating maven-archetype-quickstart] INFO  o.e.m.c.i.p.ProjectConfigurationManager - Imported and configured 1 project(s) in 1 sec
2024-08-21 19:21:55,569 [Worker-2: Building] INFO  o.a.m.s.f.DefaultMavenResourcesFiltering - skip non existing resourceDirectory /home/luan/projects/sigabem/sigabemAPI/src/main/resources
2024-08-21 19:21:55,572 [Worker-2: Building] INFO  o.a.m.s.f.DefaultMavenResourcesFiltering - skip non existing resourceDirectory /home/luan/projects/sigabem/sigabemAPI/src/test/resources
2024-08-21 19:21:55,927 [Worker-8: Download sources and javadoc] INFO  o.e.m.c.i.e.AbstractTransferListenerAdapter - Downloading https://repo.maven.apache.org/maven2/junit/junit/3.8.1/junit-3.8.1-sources.jar
2024-08-21 19:21:55,931 [Worker-8: Download sources and javadoc] INFO  o.e.m.c.i.e.AbstractTransferListenerAdapter - Downloaded https://repo.maven.apache.org/maven2/junit/junit/3.8.1/junit-3.8.1-sources.jar
2024-08-21 19:21:55,932 [Worker-8: Download sources and javadoc] INFO  o.e.m.j.internal.DownloadSourcesJob - Downloaded sources for junit:junit:3.8.1
